#
# There is insufficient memory for the Java Runtime Environment to continue.
# Native memory allocation (malloc) failed to allocate 1731136 bytes for Chunk::new
# Possible reasons:
#   The system is out of physical RAM or swap space
#   In 32 bit mode, the process size limit was hit
# Possible solutions:
#   Reduce memory load on the system
#   Increase physical memory or swap space
#   Check if swap backing store is full
#   Use 64 bit Java on a 64 bit OS
#   Decrease Java heap size (-Xmx/-Xms)
#   Decrease number of Java threads
#   Decrease Java thread stack sizes (-Xss)
#   Set larger code cache with -XX:ReservedCodeCacheSize=
# This output file may be truncated or incomplete.
#
#  Out of Memory Error (allocation.cpp:390), pid=19576, tid=25840
#
# JRE version: Java(TM) SE Runtime Environment (8.0_91-b15) (build 1.8.0_91-b15)
# Java VM: Java HotSpot(TM) 64-Bit Server VM (25.91-b15 mixed mode windows-amd64 compressed oops)
# Failed to write core dump. Minidumps are not enabled by default on client versions of Windows
#

---------------  T H R E A D  ---------------

Current thread (0x0000000014898800):  JavaThread "C2 CompilerThread0" daemon [_thread_in_native, id=25840, stack(0x00000000157e0000,0x00000000158e0000)]

Stack: [0x00000000157e0000,0x00000000158e0000]
[error occurred during error reporting (printing stack bounds), id 0xc0000005]

Native frames: (J=compiled Java code, j=interpreted, Vv=VM code, C=native code)


Current CompileTask:
C2:2134504 4411   !   4       java.net.URI$Parser::parseServer (337 bytes)


---------------  P R O C E S S  ---------------

Java Threads: ( => current thread )
  0x0000000016284000 JavaThread "Exec Stream Pumper" daemon [_thread_in_native, id=26088, stack(0x000000001dc50000,0x000000001dd50000)]
  0x0000000016283800 JavaThread "Exec Stream Pumper" daemon [_thread_in_native, id=25652, stack(0x000000001db50000,0x000000001dc50000)]
  0x0000000015ebc800 JavaThread "Exec Default Executor" daemon [_thread_in_native, id=25000, stack(0x000000001da50000,0x000000001db50000)]
  0x000000001651e000 JavaThread "Forwarding findElement on session ba5a4c99ac105ac7cd10264b30837717 to remote" [_thread_in_native, id=25592, stack(0x000000001d950000,0x000000001da50000)]
  0x0000000015ebf800 JavaThread "Exec Stream Pumper" daemon [_thread_in_native, id=24192, stack(0x000000001d040000,0x000000001d140000)]
  0x0000000015ebe800 JavaThread "Exec Stream Pumper" daemon [_thread_in_native, id=18496, stack(0x000000001cf40000,0x000000001d040000)]
  0x0000000015ebd000 JavaThread "UrlChecker-7" daemon [_thread_blocked, id=17864, stack(0x000000001ce40000,0x000000001cf40000)]
  0x0000000015ebe000 JavaThread "UrlChecker-6" daemon [_thread_blocked, id=23800, stack(0x000000001cc40000,0x000000001cd40000)]
  0x0000000015ec1800 JavaThread "Exec Default Executor" daemon [_thread_in_native, id=19792, stack(0x000000001cb40000,0x000000001cc40000)]
  0x0000000015ec0000 JavaThread "Session b343d9cb-e872-4c57-a942-4546c4850a29 awaiting client" [_thread_blocked, id=17660, stack(0x000000001ca40000,0x000000001cb40000)]
  0x0000000015ec1000 JavaThread "Forwarding isElementDisplayed on session 7e0a024c0e70707584aebc39ab910f3f to remote" [_thread_in_native, id=21976, stack(0x000000001c940000,0x000000001ca40000)]
  0x0000000015eb5800 JavaThread "Exec Stream Pumper" daemon [_thread_in_native, id=15036, stack(0x000000001c640000,0x000000001c740000)]
  0x0000000015ebb800 JavaThread "Exec Stream Pumper" daemon [_thread_in_native, id=26276, stack(0x000000001c540000,0x000000001c640000)]
  0x0000000015ebb000 JavaThread "Exec Default Executor" daemon [_thread_in_native, id=10256, stack(0x000000001c240000,0x000000001c340000)]
  0x0000000015eb5000 JavaThread "Session 2b0fdb3e-9592-4193-a053-d3b57d4063ea awaiting client" [_thread_blocked, id=14968, stack(0x000000001c140000,0x000000001c240000)]
  0x0000000015eb3800 JavaThread "Exec Stream Pumper" daemon [_thread_in_native, id=25272, stack(0x000000001ad70000,0x000000001ae70000)]
  0x0000000015eba000 JavaThread "Exec Stream Pumper" daemon [_thread_in_native, id=18052, stack(0x000000001ac70000,0x000000001ad70000)]
  0x0000000015eb9800 JavaThread "Exec Default Executor" daemon [_thread_in_native, id=19980, stack(0x000000001a970000,0x000000001aa70000)]
  0x0000000015eb8800 JavaThread "Session 023bb04a-92e1-4407-8ac8-c5cd7729be59 awaiting client" [_thread_blocked, id=25528, stack(0x000000001a870000,0x000000001a970000)]
  0x0000000015eb4000 JavaThread "AWT-Windows" daemon [_thread_in_native, id=25792, stack(0x0000000019f30000,0x000000001a030000)]
  0x0000000015eb7000 JavaThread "Java2D Disposer" daemon [_thread_blocked, id=23704, stack(0x0000000019d30000,0x0000000019e30000)]
  0x000000001651b800 JavaThread "Exec Stream Pumper" daemon [_thread_in_native, id=25164, stack(0x0000000018780000,0x0000000018880000)]
  0x000000001651b000 JavaThread "Exec Stream Pumper" daemon [_thread_in_native, id=17220, stack(0x0000000018680000,0x0000000018780000)]
  0x0000000016521800 JavaThread "Exec Stream Pumper" daemon [_thread_in_native, id=21752, stack(0x0000000018580000,0x0000000018680000)]
  0x0000000016520000 JavaThread "Exec Stream Pumper" daemon [_thread_in_native, id=18852, stack(0x0000000018480000,0x0000000018580000)]
  0x000000001651e800 JavaThread "Exec Default Executor" daemon [_thread_in_native, id=22748, stack(0x0000000018280000,0x0000000018380000)]
  0x000000001651d000 JavaThread "Exec Default Executor" daemon [_thread_in_native, id=26232, stack(0x0000000018080000,0x0000000018180000)]
  0x0000000016521000 JavaThread "Session 374682cf-03dd-4ad5-b926-38b521d55ae9 awaiting client" [_thread_blocked, id=22996, stack(0x0000000017f80000,0x0000000018080000)]
  0x000000001651c800 JavaThread "Session a9d8639f-30a1-4282-a48e-bb886159ef8c awaiting client" [_thread_blocked, id=25460, stack(0x0000000017e80000,0x0000000017f80000)]
  0x00000000164e3800 JavaThread "DriverServlet Session Cleaner" [_thread_blocked, id=11432, stack(0x0000000017d80000,0x0000000017e80000)]
  0x000000001643c000 JavaThread "Scheduler-2024453272" [_thread_blocked, id=5716, stack(0x0000000017a80000,0x0000000017b80000)]
  0x0000000002310800 JavaThread "DestroyJavaVM" [_thread_blocked, id=26404, stack(0x0000000002210000,0x0000000002310000)]
  0x0000000016439800 JavaThread "Thread-10" [_thread_blocked, id=15984, stack(0x0000000017980000,0x0000000017a80000)]
  0x0000000016422800 JavaThread "qtp1641313620-18" [_thread_blocked, id=26324, stack(0x0000000017880000,0x0000000017980000)]
  0x000000001640d800 JavaThread "qtp1641313620-17" [_thread_blocked, id=26540, stack(0x0000000017780000,0x0000000017880000)]
  0x000000001640c800 JavaThread "qtp1641313620-16" [_thread_blocked, id=22584, stack(0x0000000017680000,0x0000000017780000)]
  0x000000001637a000 JavaThread "qtp1641313620-15" [_thread_blocked, id=23460, stack(0x0000000017580000,0x0000000017680000)]
  0x0000000016377000 JavaThread "qtp1641313620-14-acceptor-0@16065184-ServerConnector@18c1ad34{HTTP/1.1}{0.0.0.0:5555}" [_thread_in_native, id=14420, stack(0x0000000017480000,0x0000000017580000)]
  0x0000000016358000 JavaThread "qtp1641313620-13" [_thread_blocked, id=12016, stack(0x0000000017380000,0x0000000017480000)]
  0x0000000016357000 JavaThread "qtp1641313620-12-selector-ServerConnectorManager@470436b6/0" [_thread_in_native, id=17316, stack(0x0000000017280000,0x0000000017380000)]
  0x00000000163f1800 JavaThread "qtp1641313620-11" [_thread_blocked, id=17068, stack(0x0000000017180000,0x0000000017280000)]
  0x00000000148fa000 JavaThread "Service Thread" daemon [_thread_blocked, id=21724, stack(0x00000000159e0000,0x0000000015ae0000)]
  0x00000000148f0000 JavaThread "C1 CompilerThread1" daemon [_thread_blocked, id=25420, stack(0x00000000158e0000,0x00000000159e0000)]
=>0x0000000014898800 JavaThread "C2 CompilerThread0" daemon [_thread_in_native, id=25840, stack(0x00000000157e0000,0x00000000158e0000)]
  0x0000000014896800 JavaThread "Attach Listener" daemon [_thread_blocked, id=16620, stack(0x00000000156e0000,0x00000000157e0000)]
  0x000000000240e800 JavaThread "Signal Dispatcher" daemon [_thread_blocked, id=24120, stack(0x00000000155e0000,0x00000000156e0000)]
  0x0000000014888800 JavaThread "Finalizer" daemon [_thread_blocked, id=26260, stack(0x00000000154e0000,0x00000000155e0000)]
  0x00000000023fc000 JavaThread "Reference Handler" daemon [_thread_blocked, id=20188, stack(0x00000000153e0000,0x00000000154e0000)]

Other Threads:
  0x0000000014865800 VMThread [stack: 0x00000000152e0000,0x00000000153e0000] [id=23756]
  0x0000000014907000 WatcherThread [stack: 0x0000000015ae0000,0x0000000015be0000] [id=22184]

VM state:not at safepoint (normal execution)

VM Mutex/Monitor currently owned by a thread: None

Heap:
 PSYoungGen      total 20480K, used 5935K [0x00000000eab00000, 0x00000000ec800000, 0x0000000100000000)
  eden space 12288K, 45% used [0x00000000eab00000,0x00000000eb07bf98,0x00000000eb700000)
  from space 8192K, 3% used [0x00000000ec000000,0x00000000ec050000,0x00000000ec800000)
  to   space 8704K, 0% used [0x00000000eb700000,0x00000000eb700000,0x00000000ebf80000)
 ParOldGen       total 32256K, used 13101K [0x00000000c0000000, 0x00000000c1f80000, 0x00000000eab00000)
  object space 32256K, 40% used [0x00000000c0000000,0x00000000c0ccb530,0x00000000c1f80000)
 Metaspace       used 21189K, capacity 21510K, committed 21760K, reserved 1069056K
  class space    used 2441K, capacity 2536K, committed 2560K, reserved 1048576K

Card table byte_map: [0x00000000117d0000,0x00000000119e0000] byte_map_base: 0x00000000111d0000

Marking Bits: (ParMarkBitMap*) 0x0000000068fd2f70
 Begin Bits: [0x0000000011d40000, 0x0000000012d40000)
 End Bits:   [0x0000000012d40000, 0x0000000013d40000)

Polling page: 0x00000000006d0000

CodeCache: size=245760Kb used=14245Kb max_used=14258Kb free=231514Kb
 bounds [0x0000000002410000, 0x0000000003230000, 0x0000000011410000]
 total_blobs=4321 nmethods=3845 adapters=389
 compilation: enabled

Compilation events (10 events):
Event: 2132.422 Thread 0x00000000148f0000 nmethod 4406 0x00000000028e9010 code [0x00000000028e9160, 0x00000000028e9270]
Event: 2132.822 Thread 0x0000000014898800 4407       4       java.lang.Long::stringSize (38 bytes)
Event: 2132.824 Thread 0x0000000014898800 nmethod 4407 0x000000000252df90 code [0x000000000252e0c0, 0x000000000252e238]
Event: 2132.913 Thread 0x0000000014898800 4408       4       java.lang.Long::toString (52 bytes)
Event: 2132.918 Thread 0x0000000014898800 nmethod 4408 0x000000000296a450 code [0x000000000296a5a0, 0x000000000296a948]
Event: 2133.145 Thread 0x0000000014898800 4409       4       java.nio.ByteBuffer::<init> (45 bytes)
Event: 2133.148 Thread 0x0000000014898800 nmethod 4409 0x0000000002921110 code [0x0000000002921260, 0x0000000002921478]
Event: 2133.532 Thread 0x0000000014898800 4410       4       java.util.logging.Logger::log (147 bytes)
Event: 2133.545 Thread 0x0000000014898800 nmethod 4410 0x000000000288cfd0 code [0x000000000288d160, 0x000000000288db58]
Event: 2133.772 Thread 0x0000000014898800 4411   !   4       java.net.URI$Parser::parseServer (337 bytes)

GC Heap History (10 events):
Event: 2106.713 GC heap before
{Heap before GC invocations=27 (full 1):
 PSYoungGen      total 23040K, used 16873K [0x00000000eab00000, 0x00000000ecc00000, 0x0000000100000000)
  eden space 12288K, 99% used [0x00000000eab00000,0x00000000eb6ffe20,0x00000000eb700000)
  from space 10752K, 42% used [0x00000000eb700000,0x00000000ebb7a830,0x00000000ec180000)
  to   space 10752K, 0% used [0x00000000ec180000,0x00000000ec180000,0x00000000ecc00000)
 ParOldGen       total 32256K, used 11928K [0x00000000c0000000, 0x00000000c1f80000, 0x00000000eab00000)
  object space 32256K, 36% used [0x00000000c0000000,0x00000000c0ba63c0,0x00000000c1f80000)
 Metaspace       used 21159K, capacity 21492K, committed 21760K, reserved 1069056K
  class space    used 2438K, capacity 2533K, committed 2560K, reserved 1048576K
Event: 2106.717 GC heap after
Heap after GC invocations=27 (full 1):
 PSYoungGen      total 23040K, used 444K [0x00000000eab00000, 0x00000000ecc00000, 0x0000000100000000)
  eden space 12288K, 0% used [0x00000000eab00000,0x00000000eab00000,0x00000000eb700000)
  from space 10752K, 4% used [0x00000000ec180000,0x00000000ec1ef140,0x00000000ecc00000)
  to   space 10752K, 0% used [0x00000000eb700000,0x00000000eb700000,0x00000000ec180000)
 ParOldGen       total 32256K, used 12064K [0x00000000c0000000, 0x00000000c1f80000, 0x00000000eab00000)
  object space 32256K, 37% used [0x00000000c0000000,0x00000000c0bc83d0,0x00000000c1f80000)
 Metaspace       used 21159K, capacity 21492K, committed 21760K, reserved 1069056K
  class space    used 2438K, capacity 2533K, committed 2560K, reserved 1048576K
}
Event: 2115.537 GC heap before
{Heap before GC invocations=28 (full 1):
 PSYoungGen      total 23040K, used 12732K [0x00000000eab00000, 0x00000000ecc00000, 0x0000000100000000)
  eden space 12288K, 100% used [0x00000000eab00000,0x00000000eb700000,0x00000000eb700000)
  from space 10752K, 4% used [0x00000000ec180000,0x00000000ec1ef140,0x00000000ecc00000)
  to   space 10752K, 0% used [0x00000000eb700000,0x00000000eb700000,0x00000000ec180000)
 ParOldGen       total 32256K, used 12064K [0x00000000c0000000, 0x00000000c1f80000, 0x00000000eab00000)
  object space 32256K, 37% used [0x00000000c0000000,0x00000000c0bc83d0,0x00000000c1f80000)
 Metaspace       used 21168K, capacity 21498K, committed 21760K, reserved 1069056K
  class space    used 2439K, capacity 2534K, committed 2560K, reserved 1048576K
Event: 2115.541 GC heap after
Heap after GC invocations=28 (full 1):
 PSYoungGen      total 12800K, used 352K [0x00000000eab00000, 0x00000000ecb00000, 0x0000000100000000)
  eden space 12288K, 0% used [0x00000000eab00000,0x00000000eab00000,0x00000000eb700000)
  from space 512K, 68% used [0x00000000eb700000,0x00000000eb758000,0x00000000eb780000)
  to   space 10240K, 0% used [0x00000000ec100000,0x00000000ec100000,0x00000000ecb00000)
 ParOldGen       total 32256K, used 12389K [0x00000000c0000000, 0x00000000c1f80000, 0x00000000eab00000)
  object space 32256K, 38% used [0x00000000c0000000,0x00000000c0c19530,0x00000000c1f80000)
 Metaspace       used 21168K, capacity 21498K, committed 21760K, reserved 1069056K
  class space    used 2439K, capacity 2534K, committed 2560K, reserved 1048576K
}
Event: 2122.883 GC heap before
{Heap before GC invocations=29 (full 1):
 PSYoungGen      total 12800K, used 12639K [0x00000000eab00000, 0x00000000ecb00000, 0x0000000100000000)
  eden space 12288K, 99% used [0x00000000eab00000,0x00000000eb6fffb0,0x00000000eb700000)
  from space 512K, 68% used [0x00000000eb700000,0x00000000eb758000,0x00000000eb780000)
  to   space 10240K, 0% used [0x00000000ec100000,0x00000000ec100000,0x00000000ecb00000)
 ParOldGen       total 32256K, used 12389K [0x00000000c0000000, 0x00000000c1f80000, 0x00000000eab00000)
  object space 32256K, 38% used [0x00000000c0000000,0x00000000c0c19530,0x00000000c1f80000)
 Metaspace       used 21178K, capacity 21510K, committed 21760K, reserved 1069056K
  class space    used 2440K, capacity 2536K, committed 2560K, reserved 1048576K
Event: 2122.886 GC heap after
Heap after GC invocations=29 (full 1):
 PSYoungGen      total 21504K, used 320K [0x00000000eab00000, 0x00000000eca00000, 0x0000000100000000)
  eden space 12288K, 0% used [0x00000000eab00000,0x00000000eab00000,0x00000000eb700000)
  from space 9216K, 3% used [0x00000000ec100000,0x00000000ec150000,0x00000000eca00000)
  to   space 9728K, 0% used [0x00000000eb700000,0x00000000eb700000,0x00000000ec080000)
 ParOldGen       total 32256K, used 12581K [0x00000000c0000000, 0x00000000c1f80000, 0x00000000eab00000)
  object space 32256K, 39% used [0x00000000c0000000,0x00000000c0c49530,0x00000000c1f80000)
 Metaspace       used 21178K, capacity 21510K, committed 21760K, reserved 1069056K
  class space    used 2440K, capacity 2536K, committed 2560K, reserved 1048576K
}
Event: 2127.669 GC heap before
{Heap before GC invocations=30 (full 1):
 PSYoungGen      total 21504K, used 12608K [0x00000000eab00000, 0x00000000eca00000, 0x0000000100000000)
  eden space 12288K, 100% used [0x00000000eab00000,0x00000000eb700000,0x00000000eb700000)
  from space 9216K, 3% used [0x00000000ec100000,0x00000000ec150000,0x00000000eca00000)
  to   space 9728K, 0% used [0x00000000eb700000,0x00000000eb700000,0x00000000ec080000)
 ParOldGen       total 32256K, used 12581K [0x00000000c0000000, 0x00000000c1f80000, 0x00000000eab00000)
  object space 32256K, 39% used [0x00000000c0000000,0x00000000c0c49530,0x00000000c1f80000)
 Metaspace       used 21189K, capacity 21510K, committed 21760K, reserved 1069056K
  class space    used 2441K, capacity 2536K, committed 2560K, reserved 1048576K
Event: 2127.672 GC heap after
Heap after GC invocations=30 (full 1):
 PSYoungGen      total 12800K, used 416K [0x00000000eab00000, 0x00000000ec900000, 0x0000000100000000)
  eden space 12288K, 0% used [0x00000000eab00000,0x00000000eab00000,0x00000000eb700000)
  from space 512K, 81% used [0x00000000eb700000,0x00000000eb768000,0x00000000eb780000)
  to   space 9216K, 0% used [0x00000000ec000000,0x00000000ec000000,0x00000000ec900000)
 ParOldGen       total 32256K, used 12757K [0x00000000c0000000, 0x00000000c1f80000, 0x00000000eab00000)
  object space 32256K, 39% used [0x00000000c0000000,0x00000000c0c75530,0x00000000c1f80000)
 Metaspace       used 21189K, capacity 21510K, committed 21760K, reserved 1069056K
  class space    used 2441K, capacity 2536K, committed 2560K, reserved 1048576K
}
Event: 2132.227 GC heap before
{Heap before GC invocations=31 (full 1):
 PSYoungGen      total 12800K, used 12704K [0x00000000eab00000, 0x00000000ec900000, 0x0000000100000000)
  eden space 12288K, 100% used [0x00000000eab00000,0x00000000eb700000,0x00000000eb700000)
  from space 512K, 81% used [0x00000000eb700000,0x00000000eb768000,0x00000000eb780000)
  to   space 9216K, 0% used [0x00000000ec000000,0x00000000ec000000,0x00000000ec900000)
 ParOldGen       total 32256K, used 12757K [0x00000000c0000000, 0x00000000c1f80000, 0x00000000eab00000)
  object space 32256K, 39% used [0x00000000c0000000,0x00000000c0c75530,0x00000000c1f80000)
 Metaspace       used 21189K, capacity 21510K, committed 21760K, reserved 1069056K
  class space    used 2441K, capacity 2536K, committed 2560K, reserved 1048576K
Event: 2132.230 GC heap after
Heap after GC invocations=31 (full 1):
 PSYoungGen      total 20480K, used 320K [0x00000000eab00000, 0x00000000ec800000, 0x0000000100000000)
  eden space 12288K, 0% used [0x00000000eab00000,0x00000000eab00000,0x00000000eb700000)
  from space 8192K, 3% used [0x00000000ec000000,0x00000000ec050000,0x00000000ec800000)
  to   space 8704K, 0% used [0x00000000eb700000,0x00000000eb700000,0x00000000ebf80000)
 ParOldGen       total 32256K, used 13101K [0x00000000c0000000, 0x00000000c1f80000, 0x00000000eab00000)
  object space 32256K, 40% used [0x00000000c0000000,0x00000000c0ccb530,0x00000000c1f80000)
 Metaspace       used 21189K, capacity 21510K, committed 21760K, reserved 1069056K
  class space    used 2441K, capacity 2536K, committed 2560K, reserved 1048576K
}

Deoptimization events (10 events):
Event: 1896.805 Thread 0x0000000016422800 Uncommon trap: reason=unstable_if action=reinterpret pc=0x00000000031240c8 method=java.text.DecimalFormat.format(JLjava/lang/StringBuffer;Ljava/text/Format$FieldDelegate;)Ljava/lang/StringBuffer; @ 136
Event: 2102.839 Thread 0x000000001640d800 Uncommon trap: reason=class_check action=maybe_recompile pc=0x0000000003050af0 method=org.openqa.selenium.remote.BeanToJsonConverter.convertObject(Ljava/lang/Object;I)Lcom/google/gson/JsonElement; @ 389
Event: 2103.209 Thread 0x0000000015ec0000 Uncommon trap: reason=unstable_if action=reinterpret pc=0x0000000002a3d0c8 method=java.lang.ref.SoftReference.get()Ljava/lang/Object; @ 6
Event: 2103.402 Thread 0x000000001637a000 Uncommon trap: reason=class_check action=maybe_recompile pc=0x0000000003050af0 method=org.openqa.selenium.remote.BeanToJsonConverter.convertObject(Ljava/lang/Object;I)Lcom/google/gson/JsonElement; @ 389
Event: 2104.092 Thread 0x0000000015ec0000 Uncommon trap: reason=unstable_if action=reinterpret pc=0x0000000002d83288 method=java.lang.Class.searchMethods([Ljava/lang/reflect/Method;Ljava/lang/String;[Ljava/lang/Class;)Ljava/lang/reflect/Method; @ 43
Event: 2104.093 Thread 0x0000000015ec0000 Uncommon trap: reason=unstable_if action=reinterpret pc=0x0000000002d8bb70 method=java.lang.Class.searchMethods([Ljava/lang/reflect/Method;Ljava/lang/String;[Ljava/lang/Class;)Ljava/lang/reflect/Method; @ 43
Event: 2104.093 Thread 0x0000000015ec0000 Uncommon trap: reason=unstable_if action=reinterpret pc=0x0000000002a69dc4 method=java.lang.Class.searchMethods([Ljava/lang/reflect/Method;Ljava/lang/String;[Ljava/lang/Class;)Ljava/lang/reflect/Method; @ 43
Event: 2104.679 Thread 0x0000000016422800 Uncommon trap: reason=unstable_if action=reinterpret pc=0x00000000030501e8 method=org.openqa.selenium.remote.BeanToJsonConverter.mapObject(Ljava/lang/Object;IZ)Lcom/google/gson/JsonElement; @ 2
Event: 2125.363 Thread 0x000000001640c800 Uncommon trap: reason=unstable_if action=reinterpret pc=0x0000000002fb9c10 method=java.lang.ref.SoftReference.get()Ljava/lang/Object; @ 6
Event: 2125.734 Thread 0x0000000016357000 Uncommon trap: reason=class_check action=maybe_recompile pc=0x0000000002cc66ac method=java.util.HashMap.removeNode(ILjava/lang/Object;Ljava/lang/Object;ZZ)Ljava/util/HashMap$Node; @ 143

Internal exceptions (10 events):
Event: 2104.184 Thread 0x0000000015ec0000 Exception <a 'java/lang/reflect/InvocationTargetException'> (0x00000000eaf056b0) thrown at [C:\re\workspace\8-2-build-windows-amd64-cygwin\jdk8u91\7017\hotspot\src\share\vm\runtime\reflection.cpp, line 1092]
Event: 2105.295 Thread 0x0000000015ebd000 Exception <a 'java/net/SocketTimeoutException': connect timed out> (0x00000000eb2dfd00) thrown at [C:\re\workspace\8-2-build-windows-amd64-cygwin\jdk8u91\7017\hotspot\src\share\vm\prims\jni.cpp, line 735]
Event: 2105.805 Thread 0x0000000015ebd000 Exception <a 'java/net/SocketTimeoutException': connect timed out> (0x00000000eb2e1108) thrown at [C:\re\workspace\8-2-build-windows-amd64-cygwin\jdk8u91\7017\hotspot\src\share\vm\prims\jni.cpp, line 735]
Event: 2112.875 Thread 0x0000000016439800 Exception <a 'java/net/SocketTimeoutException': Read timed out> (0x00000000eb3cbf88) thrown at [C:\re\workspace\8-2-build-windows-amd64-cygwin\jdk8u91\7017\hotspot\src\share\vm\prims\jni.cpp, line 735]
Event: 2112.876 Thread 0x0000000016439800 Exception <a 'java/net/SocketTimeoutException': Read timed out> (0x00000000eb3cc260) thrown at [C:\re\workspace\8-2-build-windows-amd64-cygwin\jdk8u91\7017\hotspot\src\share\vm\prims\jni.cpp, line 735]
Event: 2122.879 Thread 0x0000000016439800 Exception <a 'java/net/SocketTimeoutException': Read timed out> (0x00000000eb6f75a0) thrown at [C:\re\workspace\8-2-build-windows-amd64-cygwin\jdk8u91\7017\hotspot\src\share\vm\prims\jni.cpp, line 735]
Event: 2122.881 Thread 0x0000000016439800 Exception <a 'java/net/SocketTimeoutException': Read timed out> (0x00000000eb6f7878) thrown at [C:\re\workspace\8-2-build-windows-amd64-cygwin\jdk8u91\7017\hotspot\src\share\vm\prims\jni.cpp, line 735]
Event: 2125.363 Thread 0x000000001640c800 Implicit null exception at 0x0000000002fb35a2 to 0x0000000002fb9bed
Event: 2132.887 Thread 0x0000000016439800 Exception <a 'java/net/SocketTimeoutException': Read timed out> (0x00000000ead2ea30) thrown at [C:\re\workspace\8-2-build-windows-amd64-cygwin\jdk8u91\7017\hotspot\src\share\vm\prims\jni.cpp, line 735]
Event: 2132.889 Thread 0x0000000016439800 Exception <a 'java/net/SocketTimeoutException': Read timed out> (0x00000000ead2ed08) thrown at [C:\re\workspace\8-2-build-windows-amd64-cygwin\jdk8u91\7017\hotspot\src\share\vm\prims\jni.cpp, line 735]

Events (10 events):
Event: 2125.734 Thread 0x0000000016357000 DEOPT PACKING pc=0x0000000002cc66ac sp=0x000000001737ed20
Event: 2125.734 Thread 0x0000000016357000 DEOPT UNPACKING pc=0x000000000245582a sp=0x000000001737ec38 mode 2
Event: 2127.669 Executing VM operation: ParallelGCFailedAllocation
Event: 2127.672 Executing VM operation: ParallelGCFailedAllocation done
Event: 2128.475 Executing VM operation: RevokeBias
Event: 2128.475 Executing VM operation: RevokeBias done
Event: 2128.507 Executing VM operation: RevokeBias
Event: 2128.507 Executing VM operation: RevokeBias done
Event: 2132.226 Executing VM operation: ParallelGCFailedAllocation
Event: 2132.230 Executing VM operation: ParallelGCFailedAllocation done


Dynamic libraries:
0x00007ff69df60000 - 0x00007ff69df97000 	C:\Program Files\Java\jdk1.8.0_91\bin\java.exe
0x00007ffea60d0000 - 0x00007ffea6291000 	C:\WINDOWS\SYSTEM32\ntdll.dll
0x00007ffea6020000 - 0x00007ffea60cd000 	C:\WINDOWS\system32\KERNEL32.DLL
0x00007ffea2850000 - 0x00007ffea2a38000 	C:\WINDOWS\system32\KERNELBASE.dll
0x00007ffea5550000 - 0x00007ffea55f7000 	C:\WINDOWS\system32\ADVAPI32.dll
0x00007ffea5b50000 - 0x00007ffea5bed000 	C:\WINDOWS\system32\msvcrt.dll
0x00007ffea34d0000 - 0x00007ffea352b000 	C:\WINDOWS\system32\sechost.dll
0x00007ffea59d0000 - 0x00007ffea5aec000 	C:\WINDOWS\system32\RPCRT4.dll
0x00007ffea5dd0000 - 0x00007ffea5f26000 	C:\WINDOWS\system32\USER32.dll
0x00007ffea5600000 - 0x00007ffea5786000 	C:\WINDOWS\system32\GDI32.dll
0x00007ffe97910000 - 0x00007ffe97b84000 	C:\WINDOWS\WinSxS\amd64_microsoft.windows.common-controls_6595b64144ccf1df_6.0.10586.0_none_8c15ae12515e1c22\COMCTL32.dll
0x00007ffea51e0000 - 0x00007ffea545d000 	C:\WINDOWS\system32\combase.dll
0x00007ffea27e0000 - 0x00007ffea284a000 	C:\WINDOWS\system32\bcryptPrimitives.dll
0x00007ffea5f30000 - 0x00007ffea5f6b000 	C:\WINDOWS\system32\IMM32.DLL
0x00007ffea25f0000 - 0x00007ffea2614000 	C:\Windows\system32\vmwsci.dll
0x00007ffea3530000 - 0x00007ffea3538000 	C:\WINDOWS\system32\PSAPI.DLL
0x0000000069060000 - 0x0000000069132000 	C:\Program Files\Java\jdk1.8.0_91\jre\bin\msvcr100.dll
0x00000000687c0000 - 0x0000000069053000 	C:\Program Files\Java\jdk1.8.0_91\jre\bin\server\jvm.dll
0x00007ffe9d400000 - 0x00007ffe9d409000 	C:\WINDOWS\SYSTEM32\WSOCK32.dll
0x00007ffea5960000 - 0x00007ffea59cb000 	C:\WINDOWS\system32\WS2_32.dll
0x00007ffea0b50000 - 0x00007ffea0b73000 	C:\WINDOWS\SYSTEM32\WINMM.dll
0x00007ffea1990000 - 0x00007ffea199a000 	C:\WINDOWS\SYSTEM32\VERSION.dll
0x00007ffea0af0000 - 0x00007ffea0b1c000 	C:\WINDOWS\SYSTEM32\WINMMBASE.dll
0x00007ffea2a40000 - 0x00007ffea2a83000 	C:\WINDOWS\system32\cfgmgr32.dll
0x00000000687b0000 - 0x00000000687bf000 	C:\Program Files\Java\jdk1.8.0_91\jre\bin\verify.dll
0x0000000068780000 - 0x00000000687a9000 	C:\Program Files\Java\jdk1.8.0_91\jre\bin\java.dll
0x0000000068760000 - 0x0000000068776000 	C:\Program Files\Java\jdk1.8.0_91\jre\bin\zip.dll
0x00007ffea35a0000 - 0x00007ffea4afc000 	C:\WINDOWS\system32\SHELL32.dll
0x00007ffea2a90000 - 0x00007ffea30d5000 	C:\WINDOWS\system32\windows.storage.dll
0x00007ffea3540000 - 0x00007ffea3592000 	C:\WINDOWS\system32\shlwapi.dll
0x00007ffea2750000 - 0x00007ffea275f000 	C:\WINDOWS\system32\kernel.appcore.dll
0x00007ffea32d0000 - 0x00007ffea3385000 	C:\WINDOWS\system32\shcore.dll
0x00007ffea26f0000 - 0x00007ffea273b000 	C:\WINDOWS\system32\powrprof.dll
0x00007ffea2760000 - 0x00007ffea2774000 	C:\WINDOWS\system32\profapi.dll
0x0000000068740000 - 0x000000006875a000 	C:\Program Files\Java\jdk1.8.0_91\jre\bin\net.dll
0x00007ffea1f90000 - 0x00007ffea1fec000 	C:\WINDOWS\system32\mswsock.dll
0x00007ffe9f6b0000 - 0x00007ffe9f6e8000 	C:\WINDOWS\SYSTEM32\IPHLPAPI.DLL
0x00007ffea5790000 - 0x00007ffea5798000 	C:\WINDOWS\system32\NSI.dll
0x00007ffe9f670000 - 0x00007ffe9f686000 	C:\WINDOWS\SYSTEM32\dhcpcsvc6.DLL
0x00007ffe9f650000 - 0x00007ffe9f66a000 	C:\WINDOWS\SYSTEM32\dhcpcsvc.DLL
0x0000000068710000 - 0x0000000068734000 	C:\Program Files\Java\jdk1.8.0_91\jre\bin\sunec.dll
0x00007ffea2040000 - 0x00007ffea2057000 	C:\WINDOWS\SYSTEM32\CRYPTSP.dll
0x00007ffea1cd0000 - 0x00007ffea1d04000 	C:\WINDOWS\system32\rsaenh.dll
0x00007ffea2620000 - 0x00007ffea2649000 	C:\WINDOWS\SYSTEM32\bcrypt.dll
0x00007ffea1e20000 - 0x00007ffea1e3f000 	C:\WINDOWS\SYSTEM32\USERENV.dll
0x00007ffea2160000 - 0x00007ffea216b000 	C:\WINDOWS\SYSTEM32\CRYPTBASE.dll
0x00000000686f0000 - 0x0000000068701000 	C:\Program Files\Java\jdk1.8.0_91\jre\bin\nio.dll
0x00000000686e0000 - 0x00000000686ed000 	C:\Program Files\Java\jdk1.8.0_91\jre\bin\management.dll
0x00007ffea0d20000 - 0x00007ffea0dca000 	C:\WINDOWS\SYSTEM32\DNSAPI.dll
0x00007ffe9d360000 - 0x00007ffe9d36a000 	C:\Windows\System32\rasadhlp.dll
0x00007ffe9f7b0000 - 0x00007ffe9f817000 	C:\WINDOWS\System32\fwpuclnt.dll
0x0000000068540000 - 0x00000000686d8000 	C:\Program Files\Java\jdk1.8.0_91\jre\bin\awt.dll
0x00007ffea5bf0000 - 0x00007ffea5cb1000 	C:\WINDOWS\system32\OLEAUT32.dll
0x00007ffea0a40000 - 0x00007ffea0ab9000 	C:\WINDOWS\system32\apphelp.dll
0x00007ffea0e00000 - 0x00007ffea0e96000 	C:\WINDOWS\system32\uxtheme.dll
0x00007ffea4b00000 - 0x00007ffea4c5a000 	C:\WINDOWS\system32\MSCTF.dll
0x00007ffe9ffe0000 - 0x00007ffea0002000 	C:\WINDOWS\system32\dwmapi.dll
0x00007ffea4c60000 - 0x00007ffea4da3000 	C:\WINDOWS\system32\ole32.dll
0x00007ffe9cb70000 - 0x00007ffe9cb86000 	C:\WINDOWS\system32\napinsp.dll
0x00007ffe9cb50000 - 0x00007ffe9cb6a000 	C:\WINDOWS\system32\pnrpnsp.dll
0x00007ffe9fab0000 - 0x00007ffe9fac8000 	C:\WINDOWS\system32\NLAapi.dll
0x00007ffe9ccd0000 - 0x00007ffe9ccdd000 	C:\WINDOWS\System32\winrnr.dll
0x0000000180000000 - 0x0000000180038000 	C:\Users\safaq\AppData\Local\Temp\jna-109195784\jna6605908956145569289.dll

VM Arguments:
jvm_args: -Dwebdriver.chrome.driver=chromedriver.exe -Dwebdriver.ie.driver=IEDriverServer.exe -Dwebdriver.gecko.driver=geckodriver.exe 
java_command: selenium-server-standalone-3.0.0.jar -role node -nodeConfig node.json
java_class_path (initial): selenium-server-standalone-3.0.0.jar
Launcher Type: SUN_STANDARD

Environment Variables:
JAVA_HOME=C:\Program Files\Java\jdk1.8.0_91
PATH=C:\Program Files\Java\jdk1.8.0_91\bin
USERNAME=safaq
OS=Windows_NT
PROCESSOR_IDENTIFIER=Intel64 Family 6 Model 26 Stepping 4, GenuineIntel



---------------  S Y S T E M  ---------------

OS: Windows 10.0 , 64 bit Build 10586 (10.0.10586.0)

CPU:total 2 (1 cores per cpu, 1 threads per core) family 6 model 26 stepping 4, cmov, cx8, fxsr, mmx, sse, sse2, sse3, ssse3, sse4.1, sse4.2, popcnt, tsc, tscinvbit, tscinv

Memory: 4k page, physical 4193844k(851324k free), swap 11993904k(7464k free)

vm_info: Java HotSpot(TM) 64-Bit Server VM (25.91-b15) for windows-amd64 JRE (1.8.0_91-b15), built on May 20 2016 17:43:15 by "java_re" with MS VC++ 10.0 (VS2010)

time: Wed Nov 30 05:31:09 2016
elapsed time: 2133 seconds (0d 0h 35m 33s)

